[5996:MainProcess:15160:Thread-488] 2019-07-08 17:47:26,667 : ========================================["GET "/main" In request.."]====================             [in C:\Users\beta1360\flask-web-scheduler\app\logger.py:26]
[5996:MainProcess:15160:Thread-488] 2019-07-08 17:47:26,714 : >> Render "/main"("main.html") about user::beta1360                                                  [in C:\Users\beta1360\flask-web-scheduler\app\views\main\main_view.py:22]
[5996:MainProcess:12560:Thread-491] 2019-07-08 17:47:27,565 : ========================================["GET "/user/whoami" In request.."]====================      [in C:\Users\beta1360\flask-web-scheduler\app\logger.py:26]
[5996:MainProcess:16128:Thread-492] 2019-07-08 17:47:27,908 : ========================================["GET "/todo/list" In request.."]====================        [in C:\Users\beta1360\flask-web-scheduler\app\logger.py:26]
[5996:MainProcess:16128:Thread-492] 2019-07-08 17:47:27,914 : >> Request to select todo-list by user_id::beta1360                                                  [in C:\Users\beta1360\flask-web-scheduler\app\views\main\todolist.py:49]
[5996:MainProcess:16128:Thread-492] 2019-07-08 17:47:27,924 : >>>> Select todo-list(user_id::beta1360) => num of todo::2                                           [in C:\Users\beta1360\flask-web-scheduler\app\db\todo_handler.py:58]
[5996:MainProcess:16128:Thread-492] 2019-07-08 17:47:27,924 : >>>> Selected todo-list::[{'level': 1L, 'date_d': 21L, 'name': u'Lee Geonhee', 'no': 3L, 'date_m': 6L, 'title': u'Hello Flask', 'id': u'beta1360', 'date_y': 2019L}, {'level': 5L, 'date_d': 20L, 'name': u'Lee Geonhee', 'no': 1L, 'date_m': 6L, 'title': u'Hello', 'id': u'beta1360', 'date_y': 2019L}] (user_id::beta1360) [in C:\Users\beta1360\flask-web-scheduler\app\db\todo_handler.py:72]
[5996:MainProcess:13552:Thread-494] 2019-07-08 17:47:31,654 : ========================================["POST "/todo/add" In request.."]====================        [in C:\Users\beta1360\flask-web-scheduler\app\logger.py:26]
[5996:MainProcess:13552:Thread-494] 2019-07-08 17:47:31,668 : >> Request to add todo by user_id::beta1360                                                          [in C:\Users\beta1360\flask-web-scheduler\app\views\main\todolist.py:74]
[5996:MainProcess:13552:Thread-494] 2019-07-08 17:47:31,677 : >>>> Provided Todo instance todo: <Todo (transient 68357984)>                                        [in C:\Users\beta1360\flask-web-scheduler\app\db\todo_handler.py:23]
[5996:MainProcess:13552:Thread-494] 2019-07-08 17:47:31,732 : >>>> Added todo in DB (todo_no::7 & user_id::beta1360)                                               [in C:\Users\beta1360\flask-web-scheduler\app\db\todo_handler.py:27]
[5996:MainProcess:13552:Thread-494] 2019-07-08 17:47:31,732 : >> 200:: Todo를 등록하였습니다.                                                              [in C:\Users\beta1360\flask-web-scheduler\app\views\main\todolist.py:77]
[5996:MainProcess:13712:Thread-496] 2019-07-08 18:18:52,252 : ========================================["GET "/main" In request.."]====================             [in C:\Users\beta1360\flask-web-scheduler\app\logger.py:26]
[5996:MainProcess:13712:Thread-496] 2019-07-08 18:18:52,269 : >> Render "/main"("main.html") about user::beta1360                                                  [in C:\Users\beta1360\flask-web-scheduler\app\views\main\main_view.py:22]
[5996:MainProcess:13240:Thread-498] 2019-07-08 18:18:52,460 : ========================================["GET "/user/whoami" In request.."]====================      [in C:\Users\beta1360\flask-web-scheduler\app\logger.py:26]
[5996:MainProcess:9344:Thread-499] 2019-07-08 18:18:52,799 : ========================================["GET "/todo/list" In request.."]====================        [in C:\Users\beta1360\flask-web-scheduler\app\logger.py:26]
[5996:MainProcess:9344:Thread-499] 2019-07-08 18:18:52,806 : >> Request to select todo-list by user_id::beta1360                                                  [in C:\Users\beta1360\flask-web-scheduler\app\views\main\todolist.py:49]
[5996:MainProcess:9344:Thread-499] 2019-07-08 18:18:52,812 : >>>> Select todo-list(user_id::beta1360) => num of todo::3                                           [in C:\Users\beta1360\flask-web-scheduler\app\db\todo_handler.py:58]
[5996:MainProcess:9344:Thread-499] 2019-07-08 18:18:52,812 : >>>> Selected todo-list::[{'level': 0L, 'date_d': 11L, 'name': u'Lee Geonhee', 'no': 7L, 'date_m': 7L, 'title': u'', 'id': u'beta1360', 'date_y': 2019L}, {'level': 1L, 'date_d': 21L, 'name': u'Lee Geonhee', 'no': 3L, 'date_m': 6L, 'title': u'Hello Flask', 'id': u'beta1360', 'date_y': 2019L}, {'level': 5L, 'date_d': 20L, 'name': u'Lee Geonhee', 'no': 1L, 'date_m': 6L, 'title': u'Hello', 'id': u'beta1360', 'date_y': 2019L}] (user_id::beta1360) [in C:\Users\beta1360\flask-web-scheduler\app\db\todo_handler.py:72]
[5996:MainProcess:12400:Thread-502] 2019-07-08 18:31:55,782 : ========================================["GET "/main" In request.."]====================             [in C:\Users\beta1360\flask-web-scheduler\app\logger.py:26]
[5996:MainProcess:12400:Thread-502] 2019-07-08 18:31:55,786 : >> Render "/main"("main.html") about user::beta1360                                                  [in C:\Users\beta1360\flask-web-scheduler\app\views\main\main_view.py:22]
[5996:MainProcess:15440:Thread-504] 2019-07-08 18:31:56,046 : ========================================["GET "/user/whoami" In request.."]====================      [in C:\Users\beta1360\flask-web-scheduler\app\logger.py:26]
[5996:MainProcess:11456:Thread-506] 2019-07-08 18:31:56,575 : ========================================["GET "/todo/list" In request.."]====================        [in C:\Users\beta1360\flask-web-scheduler\app\logger.py:26]
[5996:MainProcess:11456:Thread-506] 2019-07-08 18:31:56,578 : >> Request to select todo-list by user_id::beta1360                                                  [in C:\Users\beta1360\flask-web-scheduler\app\views\main\todolist.py:49]
[5996:MainProcess:11456:Thread-506] 2019-07-08 18:31:56,579 : >>>> Select todo-list(user_id::beta1360) => num of todo::3                                           [in C:\Users\beta1360\flask-web-scheduler\app\db\todo_handler.py:58]
[5996:MainProcess:11456:Thread-506] 2019-07-08 18:31:56,579 : >>>> Selected todo-list::[{'level': 0L, 'date_d': 11L, 'name': u'Lee Geonhee', 'no': 7L, 'date_m': 7L, 'title': u'', 'id': u'beta1360', 'date_y': 2019L}, {'level': 1L, 'date_d': 21L, 'name': u'Lee Geonhee', 'no': 3L, 'date_m': 6L, 'title': u'Hello Flask', 'id': u'beta1360', 'date_y': 2019L}, {'level': 5L, 'date_d': 20L, 'name': u'Lee Geonhee', 'no': 1L, 'date_m': 6L, 'title': u'Hello', 'id': u'beta1360', 'date_y': 2019L}] (user_id::beta1360) [in C:\Users\beta1360\flask-web-scheduler\app\db\todo_handler.py:72]
[5996:MainProcess:14324:Thread-507] 2019-07-08 18:32:03,573 : ========================================["POST "/api/logout" In request.."]====================      [in C:\Users\beta1360\flask-web-scheduler\app\logger.py:26]
[5996:MainProcess:14324:Thread-507] 2019-07-08 18:32:03,582 : >> Logout request by user_id::beta1360                                                               [in C:\Users\beta1360\flask-web-scheduler\app\views\main\logout.py:23]
[5996:MainProcess:14324:Thread-507] 2019-07-08 18:32:03,584 : >> 200:: 로그아웃에 성공하였습니다.                                                      [in C:\Users\beta1360\flask-web-scheduler\app\views\main\logout.py:27]
[5996:MainProcess:13616:Thread-508] 2019-07-08 18:32:04,696 : ========================================["GET "/" In request.."]====================                 [in C:\Users\beta1360\flask-web-scheduler\app\logger.py:26]
[5996:MainProcess:13616:Thread-508] 2019-07-08 18:32:04,696 : >> Render "/"("index.html")                                                                          [in C:\Users\beta1360\flask-web-scheduler\app\views\index\index_view.py:24]
[14956:MainProcess:16548:MainThread] 2019-07-09 11:25:20,698 : ====================[Initializing Server...]===============                                          [in C:\Users\beta1360\flask-web-scheduler\app\home.py:17]
[14956:MainProcess:16548:MainThread] 2019-07-09 11:25:20,759 : >> Flask, Flask-Login, Flask-SQLAlchemy setting.                                                     [in C:\Users\beta1360\flask-web-scheduler\app\home.py:35]
[14956:MainProcess:16548:MainThread] 2019-07-09 11:25:20,759 : >> Database server URL: mysql://root:webdev1!@10.10.1.175/geonhee                                    [in C:\Users\beta1360\flask-web-scheduler\app\home.py:36]
[14956:MainProcess:16548:MainThread] 2019-07-09 11:25:21,200 : >> Blueprint setting.                                                                                [in C:\Users\beta1360\flask-web-scheduler\app\home.py:65]
[14956:MainProcess:16548:MainThread] 2019-07-09 11:25:21,200 : ===========================================================                                          [in C:\Users\beta1360\flask-web-scheduler\app\home.py:66]
[17244:MainProcess:1116:MainThread] 2019-07-09 11:25:24,776 : ====================[Initializing Server...]===============                                          [in C:\Users\beta1360\flask-web-scheduler\app\home.py:17]
[17244:MainProcess:1116:MainThread] 2019-07-09 11:25:24,825 : >> Flask, Flask-Login, Flask-SQLAlchemy setting.                                                     [in C:\Users\beta1360\flask-web-scheduler\app\home.py:35]
[17244:MainProcess:1116:MainThread] 2019-07-09 11:25:24,825 : >> Database server URL: mysql://root:webdev1!@10.10.1.175/geonhee                                    [in C:\Users\beta1360\flask-web-scheduler\app\home.py:36]
[17244:MainProcess:1116:MainThread] 2019-07-09 11:25:24,907 : >> Blueprint setting.                                                                                [in C:\Users\beta1360\flask-web-scheduler\app\home.py:65]
[17244:MainProcess:1116:MainThread] 2019-07-09 11:25:24,907 : ===========================================================                                          [in C:\Users\beta1360\flask-web-scheduler\app\home.py:66]
[17244:MainProcess:13248:Thread-2] 2019-07-09 11:25:57,578 : ========================================["GET "/" In request.."]====================                 [in C:\Users\beta1360\flask-web-scheduler\app\logger.py:26]
[17244:MainProcess:13248:Thread-2] 2019-07-09 11:25:57,579 : >> Render "/"("index.html")                                                                          [in C:\Users\beta1360\flask-web-scheduler\app\views\index\index_view.py:24]
[17244:MainProcess:16212:Thread-4] 2019-07-09 11:26:00,867 : ========================================["POST "/api/login" In request.."]====================       [in C:\Users\beta1360\flask-web-scheduler\app\logger.py:26]
[17244:MainProcess:16212:Thread-4] 2019-07-09 11:26:00,868 : >> Login request by user::beta1360                                                                   [in C:\Users\beta1360\flask-web-scheduler\app\views\index\login.py:23]
[17244:MainProcess:16212:Thread-4] 2019-07-09 11:26:01,270 : >>>> Searching Result user-info in DB::(user: <User beta1360>)
                                      [in C:\Users\beta1360\flask-web-scheduler\app\db\user_handler.py:54]
[17244:MainProcess:16212:Thread-4] 2019-07-09 11:26:01,516 : >> Connect user session with user_id::beta1360                                                       [in C:\Users\beta1360\flask-web-scheduler\app\views\index\login.py:34]
[17244:MainProcess:16212:Thread-4] 2019-07-09 11:26:01,517 : >> 200:: 안녕하세요, Lee Geonhee님!                                                                        [in C:\Users\beta1360\flask-web-scheduler\app\views\index\login.py:38]
[17244:MainProcess:1380:Thread-5] 2019-07-09 11:26:02,767 : ========================================["GET "/main" In request.."]====================             [in C:\Users\beta1360\flask-web-scheduler\app\logger.py:26]
[17244:MainProcess:1380:Thread-5] 2019-07-09 11:26:02,772 : >> Render "/main"("main.html") about user::beta1360                                                  [in C:\Users\beta1360\flask-web-scheduler\app\views\main\main_view.py:22]
[17244:MainProcess:14268:Thread-7] 2019-07-09 11:26:03,163 : ========================================["GET "/user/whoami" In request.."]====================      [in C:\Users\beta1360\flask-web-scheduler\app\logger.py:26]
[17244:MainProcess:10860:Thread-8] 2019-07-09 11:26:03,509 : ========================================["GET "/todo/list" In request.."]====================        [in C:\Users\beta1360\flask-web-scheduler\app\logger.py:26]
[17244:MainProcess:10860:Thread-8] 2019-07-09 11:26:03,513 : >> Request to select todo-list by user_id::beta1360                                                  [in C:\Users\beta1360\flask-web-scheduler\app\views\main\todolist.py:49]
[17244:MainProcess:10860:Thread-8] 2019-07-09 11:26:03,516 : >>>> Select todo-list(user_id::beta1360) => num of todo::3                                           [in C:\Users\beta1360\flask-web-scheduler\app\db\todo_handler.py:58]
[17244:MainProcess:10860:Thread-8] 2019-07-09 11:26:03,516 : >>>> Selected todo-list::[{'level': 0L, 'date_d': 11L, 'name': u'Lee Geonhee', 'no': 7L, 'date_m': 7L, 'title': u'', 'id': u'beta1360', 'date_y': 2019L}, {'level': 1L, 'date_d': 21L, 'name': u'Lee Geonhee', 'no': 3L, 'date_m': 6L, 'title': u'Hello Flask', 'id': u'beta1360', 'date_y': 2019L}, {'level': 5L, 'date_d': 20L, 'name': u'Lee Geonhee', 'no': 1L, 'date_m': 6L, 'title': u'Hello', 'id': u'beta1360', 'date_y': 2019L}] (user_id::beta1360) [in C:\Users\beta1360\flask-web-scheduler\app\db\todo_handler.py:72]
[17244:MainProcess:10676:Thread-10] 2019-07-09 11:27:17,415 : ========================================["GET "/main" In request.."]====================             [in C:\Users\beta1360\flask-web-scheduler\app\logger.py:26]
[17244:MainProcess:10676:Thread-10] 2019-07-09 11:27:17,424 : >> Render "/main"("main.html") about user::beta1360                                                  [in C:\Users\beta1360\flask-web-scheduler\app\views\main\main_view.py:22]
[17244:MainProcess:13200:Thread-12] 2019-07-09 11:27:17,766 : ========================================["GET "/user/whoami" In request.."]====================      [in C:\Users\beta1360\flask-web-scheduler\app\logger.py:26]
[17244:MainProcess:16264:Thread-14] 2019-07-09 11:27:18,128 : ========================================["GET "/todo/list" In request.."]====================        [in C:\Users\beta1360\flask-web-scheduler\app\logger.py:26]
[17244:MainProcess:16264:Thread-14] 2019-07-09 11:27:18,134 : >> Request to select todo-list by user_id::beta1360                                                  [in C:\Users\beta1360\flask-web-scheduler\app\views\main\todolist.py:49]
[17244:MainProcess:16264:Thread-14] 2019-07-09 11:27:18,138 : >>>> Select todo-list(user_id::beta1360) => num of todo::3                                           [in C:\Users\beta1360\flask-web-scheduler\app\db\todo_handler.py:58]
[17244:MainProcess:16264:Thread-14] 2019-07-09 11:27:18,138 : >>>> Selected todo-list::[{'level': 0L, 'date_d': 11L, 'name': u'Lee Geonhee', 'no': 7L, 'date_m': 7L, 'title': u'', 'id': u'beta1360', 'date_y': 2019L}, {'level': 1L, 'date_d': 21L, 'name': u'Lee Geonhee', 'no': 3L, 'date_m': 6L, 'title': u'Hello Flask', 'id': u'beta1360', 'date_y': 2019L}, {'level': 5L, 'date_d': 20L, 'name': u'Lee Geonhee', 'no': 1L, 'date_m': 6L, 'title': u'Hello', 'id': u'beta1360', 'date_y': 2019L}] (user_id::beta1360) [in C:\Users\beta1360\flask-web-scheduler\app\db\todo_handler.py:72]
[17244:MainProcess:13560:Thread-15] 2019-07-09 11:27:49,865 : ========================================["GET "/main" In request.."]====================             [in C:\Users\beta1360\flask-web-scheduler\app\logger.py:26]
[17244:MainProcess:13560:Thread-15] 2019-07-09 11:27:49,877 : >> Render "/main"("main.html") about user::beta1360                                                  [in C:\Users\beta1360\flask-web-scheduler\app\views\main\main_view.py:22]
[17244:MainProcess:9116:Thread-17] 2019-07-09 11:27:50,263 : ========================================["GET "/user/whoami" In request.."]====================      [in C:\Users\beta1360\flask-web-scheduler\app\logger.py:26]
[17244:MainProcess:10384:Thread-19] 2019-07-09 11:27:50,630 : ========================================["GET "/todo/list" In request.."]====================        [in C:\Users\beta1360\flask-web-scheduler\app\logger.py:26]
[17244:MainProcess:10384:Thread-19] 2019-07-09 11:27:50,632 : >> Request to select todo-list by user_id::beta1360                                                  [in C:\Users\beta1360\flask-web-scheduler\app\views\main\todolist.py:49]
[17244:MainProcess:10384:Thread-19] 2019-07-09 11:27:50,637 : >>>> Select todo-list(user_id::beta1360) => num of todo::3                                           [in C:\Users\beta1360\flask-web-scheduler\app\db\todo_handler.py:58]
[17244:MainProcess:10384:Thread-19] 2019-07-09 11:27:50,637 : >>>> Selected todo-list::[{'level': 0L, 'date_d': 11L, 'name': u'Lee Geonhee', 'no': 7L, 'date_m': 7L, 'title': u'', 'id': u'beta1360', 'date_y': 2019L}, {'level': 1L, 'date_d': 21L, 'name': u'Lee Geonhee', 'no': 3L, 'date_m': 6L, 'title': u'Hello Flask', 'id': u'beta1360', 'date_y': 2019L}, {'level': 5L, 'date_d': 20L, 'name': u'Lee Geonhee', 'no': 1L, 'date_m': 6L, 'title': u'Hello', 'id': u'beta1360', 'date_y': 2019L}] (user_id::beta1360) [in C:\Users\beta1360\flask-web-scheduler\app\db\todo_handler.py:72]
[17244:MainProcess:10816:Thread-20] 2019-07-09 11:28:49,391 : ========================================["GET "/main" In request.."]====================             [in C:\Users\beta1360\flask-web-scheduler\app\logger.py:26]
[17244:MainProcess:10816:Thread-20] 2019-07-09 11:28:49,403 : >> Render "/main"("main.html") about user::beta1360                                                  [in C:\Users\beta1360\flask-web-scheduler\app\views\main\main_view.py:22]
[17244:MainProcess:2336:Thread-22] 2019-07-09 11:28:49,743 : ========================================["GET "/user/whoami" In request.."]====================      [in C:\Users\beta1360\flask-web-scheduler\app\logger.py:26]
[17244:MainProcess:9084:Thread-24] 2019-07-09 11:28:50,085 : ========================================["GET "/todo/list" In request.."]====================        [in C:\Users\beta1360\flask-web-scheduler\app\logger.py:26]
[17244:MainProcess:9084:Thread-24] 2019-07-09 11:28:50,088 : >> Request to select todo-list by user_id::beta1360                                                  [in C:\Users\beta1360\flask-web-scheduler\app\views\main\todolist.py:49]
[17244:MainProcess:9084:Thread-24] 2019-07-09 11:28:50,092 : >>>> Select todo-list(user_id::beta1360) => num of todo::3                                           [in C:\Users\beta1360\flask-web-scheduler\app\db\todo_handler.py:58]
[17244:MainProcess:9084:Thread-24] 2019-07-09 11:28:50,092 : >>>> Selected todo-list::[{'level': 0L, 'date_d': 11L, 'name': u'Lee Geonhee', 'no': 7L, 'date_m': 7L, 'title': u'', 'id': u'beta1360', 'date_y': 2019L}, {'level': 1L, 'date_d': 21L, 'name': u'Lee Geonhee', 'no': 3L, 'date_m': 6L, 'title': u'Hello Flask', 'id': u'beta1360', 'date_y': 2019L}, {'level': 5L, 'date_d': 20L, 'name': u'Lee Geonhee', 'no': 1L, 'date_m': 6L, 'title': u'Hello', 'id': u'beta1360', 'date_y': 2019L}] (user_id::beta1360) [in C:\Users\beta1360\flask-web-scheduler\app\db\todo_handler.py:72]
[17244:MainProcess:12040:Thread-25] 2019-07-09 11:30:02,651 : ========================================["GET "/main" In request.."]====================             [in C:\Users\beta1360\flask-web-scheduler\app\logger.py:26]
[17244:MainProcess:12040:Thread-25] 2019-07-09 11:30:02,657 : >> Render "/main"("main.html") about user::beta1360                                                  [in C:\Users\beta1360\flask-web-scheduler\app\views\main\main_view.py:22]
[17244:MainProcess:16488:Thread-27] 2019-07-09 11:30:03,223 : ========================================["GET "/user/whoami" In request.."]====================      [in C:\Users\beta1360\flask-web-scheduler\app\logger.py:26]
[17244:MainProcess:12636:Thread-29] 2019-07-09 11:30:03,805 : ========================================["GET "/todo/list" In request.."]====================        [in C:\Users\beta1360\flask-web-scheduler\app\logger.py:26]
[17244:MainProcess:12636:Thread-29] 2019-07-09 11:30:03,813 : >> Request to select todo-list by user_id::beta1360                                                  [in C:\Users\beta1360\flask-web-scheduler\app\views\main\todolist.py:49]
[17244:MainProcess:12636:Thread-29] 2019-07-09 11:30:03,822 : >>>> Select todo-list(user_id::beta1360) => num of todo::3                                           [in C:\Users\beta1360\flask-web-scheduler\app\db\todo_handler.py:58]
[17244:MainProcess:12636:Thread-29] 2019-07-09 11:30:03,822 : >>>> Selected todo-list::[{'level': 0L, 'date_d': 11L, 'name': u'Lee Geonhee', 'no': 7L, 'date_m': 7L, 'title': u'', 'id': u'beta1360', 'date_y': 2019L}, {'level': 1L, 'date_d': 21L, 'name': u'Lee Geonhee', 'no': 3L, 'date_m': 6L, 'title': u'Hello Flask', 'id': u'beta1360', 'date_y': 2019L}, {'level': 5L, 'date_d': 20L, 'name': u'Lee Geonhee', 'no': 1L, 'date_m': 6L, 'title': u'Hello', 'id': u'beta1360', 'date_y': 2019L}] (user_id::beta1360) [in C:\Users\beta1360\flask-web-scheduler\app\db\todo_handler.py:72]
[17244:MainProcess:12872:Thread-30] 2019-07-09 13:13:25,986 : ========================================["GET "/main" In request.."]====================             [in C:\Users\beta1360\flask-web-scheduler\app\logger.py:26]
[17244:MainProcess:13028:Thread-33] 2019-07-09 13:13:33,438 : ========================================["GET "/main" In request.."]====================             [in C:\Users\beta1360\flask-web-scheduler\app\logger.py:26]
[17244:MainProcess:13028:Thread-33] 2019-07-09 13:13:33,456 : >> Render "/main"("main.html") about user::beta1360                                                  [in C:\Users\beta1360\flask-web-scheduler\app\views\main\main_view.py:22]
[17244:MainProcess:7312:Thread-35] 2019-07-09 13:13:33,832 : ========================================["GET "/user/whoami" In request.."]====================      [in C:\Users\beta1360\flask-web-scheduler\app\logger.py:26]
[17244:MainProcess:17156:Thread-36] 2019-07-09 13:13:34,221 : ========================================["GET "/todo/list" In request.."]====================        [in C:\Users\beta1360\flask-web-scheduler\app\logger.py:26]
[17244:MainProcess:17156:Thread-36] 2019-07-09 13:13:34,226 : >> Request to select todo-list by user_id::beta1360                                                  [in C:\Users\beta1360\flask-web-scheduler\app\views\main\todolist.py:49]
[17244:MainProcess:17156:Thread-36] 2019-07-09 13:13:34,233 : >>>> Select todo-list(user_id::beta1360) => num of todo::3                                           [in C:\Users\beta1360\flask-web-scheduler\app\db\todo_handler.py:58]
[17244:MainProcess:17156:Thread-36] 2019-07-09 13:13:34,233 : >>>> Selected todo-list::[{'level': 0L, 'date_d': 11L, 'name': u'Lee Geonhee', 'no': 7L, 'date_m': 7L, 'title': u'', 'id': u'beta1360', 'date_y': 2019L}, {'level': 1L, 'date_d': 21L, 'name': u'Lee Geonhee', 'no': 3L, 'date_m': 6L, 'title': u'Hello Flask', 'id': u'beta1360', 'date_y': 2019L}, {'level': 5L, 'date_d': 20L, 'name': u'Lee Geonhee', 'no': 1L, 'date_m': 6L, 'title': u'Hello', 'id': u'beta1360', 'date_y': 2019L}] (user_id::beta1360) [in C:\Users\beta1360\flask-web-scheduler\app\db\todo_handler.py:72]
[17244:MainProcess:13196:Thread-38] 2019-07-09 13:13:35,232 : ========================================["GET "/todo/component" In request.."]====================   [in C:\Users\beta1360\flask-web-scheduler\app\logger.py:26]
[17244:MainProcess:13196:Thread-38] 2019-07-09 13:13:35,234 : >> Request to select todo(no: 1) by user_id::<built-in function id>                                  [in C:\Users\beta1360\flask-web-scheduler\app\views\main\todolist.py:60]
[17244:MainProcess:13196:Thread-38] 2019-07-09 13:13:35,237 : >>>> Select todo(no: 1) by user_id::beta1360                                                         [in C:\Users\beta1360\flask-web-scheduler\app\db\todo_handler.py:78]
[17244:MainProcess:13196:Thread-38] 2019-07-09 13:13:35,237 : >> Todo component: {'body': u'Hello world', 'level': 5L, 'date_d': 20L, 'name': u'Lee Geonhee', 'no': 1L, 'date_m': 6L, 'title': u'Hello', 'id': u'beta1360', 'date_y': 2019L} [in C:\Users\beta1360\flask-web-scheduler\app\views\main\todolist.py:63]
[17244:MainProcess:13792:Thread-39] 2019-07-09 13:13:38,571 : ========================================["GET "/todo/component" In request.."]====================   [in C:\Users\beta1360\flask-web-scheduler\app\logger.py:26]
[17244:MainProcess:13792:Thread-39] 2019-07-09 13:13:38,575 : >> Request to select todo(no: 3) by user_id::<built-in function id>                                  [in C:\Users\beta1360\flask-web-scheduler\app\views\main\todolist.py:60]
[17244:MainProcess:13792:Thread-39] 2019-07-09 13:13:38,582 : >>>> Select todo(no: 3) by user_id::beta1360                                                         [in C:\Users\beta1360\flask-web-scheduler\app\db\todo_handler.py:78]
[17244:MainProcess:13792:Thread-39] 2019-07-09 13:13:38,582 : >> Todo component: {'body': u'Today I will commit it!', 'level': 1L, 'date_d': 21L, 'name': u'Lee Geonhee', 'no': 3L, 'date_m': 6L, 'title': u'Hello Flask', 'id': u'beta1360', 'date_y': 2019L} [in C:\Users\beta1360\flask-web-scheduler\app\views\main\todolist.py:63]
[17244:MainProcess:12872:Thread-30] 2019-07-09 13:13:47,312 : ###############################################[[  EXCEPTION  ]]###################                  [in C:\Users\beta1360\flask-web-scheduler\app\logger.py:31]
[17244:MainProcess:12872:Thread-30] 2019-07-09 13:13:47,315 : >=>=>(_mysql_exceptions.OperationalError) (2013, 'Lost connection to MySQL server during query')
[SQL: SELECT user.id AS user_id, user.password AS user_password, user.name AS user_name, user.`rank` AS user_rank 
FROM user 
WHERE user.id = %s 
 LIMIT %s]
[parameters: (u'beta1360', 1)]
(Background on this error at: http://sqlalche.me/e/e3q8) [in C:\Users\beta1360\flask-web-scheduler\app\logger.py:32]
[17244:MainProcess:12872:Thread-30] 2019-07-09 13:13:47,316 : #####################################################################################                [in C:\Users\beta1360\flask-web-scheduler\app\logger.py:33]
[17244:MainProcess:1720:Thread-41] 2019-07-09 13:14:14,236 : ========================================["GET "/todo/component" In request.."]====================   [in C:\Users\beta1360\flask-web-scheduler\app\logger.py:26]
[17244:MainProcess:1720:Thread-41] 2019-07-09 13:14:14,259 : >> Request to select todo(no: 1) by user_id::<built-in function id>                                  [in C:\Users\beta1360\flask-web-scheduler\app\views\main\todolist.py:60]
[17244:MainProcess:1720:Thread-41] 2019-07-09 13:14:14,262 : >>>> Select todo(no: 1) by user_id::beta1360                                                         [in C:\Users\beta1360\flask-web-scheduler\app\db\todo_handler.py:78]
[17244:MainProcess:1720:Thread-41] 2019-07-09 13:14:14,263 : >> Todo component: {'body': u'Hello world', 'level': 5L, 'date_d': 20L, 'name': u'Lee Geonhee', 'no': 1L, 'date_m': 6L, 'title': u'Hello', 'id': u'beta1360', 'date_y': 2019L} [in C:\Users\beta1360\flask-web-scheduler\app\views\main\todolist.py:63]
[17244:MainProcess:8984:Thread-42] 2019-07-09 13:14:16,657 : ========================================["GET "/main" In request.."]====================             [in C:\Users\beta1360\flask-web-scheduler\app\logger.py:26]
[17244:MainProcess:8984:Thread-42] 2019-07-09 13:14:16,670 : >> Render "/main"("main.html") about user::beta1360                                                  [in C:\Users\beta1360\flask-web-scheduler\app\views\main\main_view.py:22]
[17244:MainProcess:13968:Thread-44] 2019-07-09 13:14:17,562 : ========================================["GET "/user/whoami" In request.."]====================      [in C:\Users\beta1360\flask-web-scheduler\app\logger.py:26]
[17244:MainProcess:15300:Thread-46] 2019-07-09 13:14:17,812 : ========================================["GET "/todo/list" In request.."]====================        [in C:\Users\beta1360\flask-web-scheduler\app\logger.py:26]
[17244:MainProcess:15300:Thread-46] 2019-07-09 13:14:17,819 : >> Request to select todo-list by user_id::beta1360                                                  [in C:\Users\beta1360\flask-web-scheduler\app\views\main\todolist.py:49]
[17244:MainProcess:15300:Thread-46] 2019-07-09 13:14:17,828 : >>>> Select todo-list(user_id::beta1360) => num of todo::3                                           [in C:\Users\beta1360\flask-web-scheduler\app\db\todo_handler.py:58]
[17244:MainProcess:15300:Thread-46] 2019-07-09 13:14:17,829 : >>>> Selected todo-list::[{'level': 0L, 'date_d': 11L, 'name': u'Lee Geonhee', 'no': 7L, 'date_m': 7L, 'title': u'', 'id': u'beta1360', 'date_y': 2019L}, {'level': 1L, 'date_d': 21L, 'name': u'Lee Geonhee', 'no': 3L, 'date_m': 6L, 'title': u'Hello Flask', 'id': u'beta1360', 'date_y': 2019L}, {'level': 5L, 'date_d': 20L, 'name': u'Lee Geonhee', 'no': 1L, 'date_m': 6L, 'title': u'Hello', 'id': u'beta1360', 'date_y': 2019L}] (user_id::beta1360) [in C:\Users\beta1360\flask-web-scheduler\app\db\todo_handler.py:72]
[17244:MainProcess:16840:Thread-47] 2019-07-09 13:14:18,811 : ========================================["GET "/todo/component" In request.."]====================   [in C:\Users\beta1360\flask-web-scheduler\app\logger.py:26]
[17244:MainProcess:16840:Thread-47] 2019-07-09 13:14:18,815 : >> Request to select todo(no: 1) by user_id::<built-in function id>                                  [in C:\Users\beta1360\flask-web-scheduler\app\views\main\todolist.py:60]
[17244:MainProcess:16840:Thread-47] 2019-07-09 13:14:18,821 : >>>> Select todo(no: 1) by user_id::beta1360                                                         [in C:\Users\beta1360\flask-web-scheduler\app\db\todo_handler.py:78]
[17244:MainProcess:16840:Thread-47] 2019-07-09 13:14:18,822 : >> Todo component: {'body': u'Hello world', 'level': 5L, 'date_d': 20L, 'name': u'Lee Geonhee', 'no': 1L, 'date_m': 6L, 'title': u'Hello', 'id': u'beta1360', 'date_y': 2019L} [in C:\Users\beta1360\flask-web-scheduler\app\views\main\todolist.py:63]
[17244:MainProcess:15796:Thread-48] 2019-07-09 13:30:28,411 : ========================================["GET "/main" In request.."]====================             [in C:\Users\beta1360\flask-web-scheduler\app\logger.py:26]
[17244:MainProcess:15796:Thread-48] 2019-07-09 13:30:28,426 : >> Render "/main"("main.html") about user::beta1360                                                  [in C:\Users\beta1360\flask-web-scheduler\app\views\main\main_view.py:22]
[17244:MainProcess:4764:Thread-50] 2019-07-09 13:30:28,832 : ========================================["GET "/user/whoami" In request.."]====================      [in C:\Users\beta1360\flask-web-scheduler\app\logger.py:26]
[17244:MainProcess:1404:Thread-52] 2019-07-09 13:30:29,275 : ========================================["GET "/todo/list" In request.."]====================        [in C:\Users\beta1360\flask-web-scheduler\app\logger.py:26]
[17244:MainProcess:1404:Thread-52] 2019-07-09 13:30:29,279 : >> Request to select todo-list by user_id::beta1360                                                  [in C:\Users\beta1360\flask-web-scheduler\app\views\main\todolist.py:49]
[17244:MainProcess:1404:Thread-52] 2019-07-09 13:30:29,282 : >>>> Select todo-list(user_id::beta1360) => num of todo::3                                           [in C:\Users\beta1360\flask-web-scheduler\app\db\todo_handler.py:58]
[17244:MainProcess:1404:Thread-52] 2019-07-09 13:30:29,282 : >>>> Selected todo-list::[{'level': 0L, 'date_d': 11L, 'name': u'Lee Geonhee', 'no': 7L, 'date_m': 7L, 'title': u'', 'id': u'beta1360', 'date_y': 2019L}, {'level': 1L, 'date_d': 21L, 'name': u'Lee Geonhee', 'no': 3L, 'date_m': 6L, 'title': u'Hello Flask', 'id': u'beta1360', 'date_y': 2019L}, {'level': 5L, 'date_d': 20L, 'name': u'Lee Geonhee', 'no': 1L, 'date_m': 6L, 'title': u'Hello', 'id': u'beta1360', 'date_y': 2019L}] (user_id::beta1360) [in C:\Users\beta1360\flask-web-scheduler\app\db\todo_handler.py:72]
[17244:MainProcess:16932:Thread-53] 2019-07-09 13:32:46,490 : ========================================["GET "/main" In request.."]====================             [in C:\Users\beta1360\flask-web-scheduler\app\logger.py:26]
[17244:MainProcess:16932:Thread-53] 2019-07-09 13:32:46,496 : >> Render "/main"("main.html") about user::beta1360                                                  [in C:\Users\beta1360\flask-web-scheduler\app\views\main\main_view.py:22]
[17244:MainProcess:13196:Thread-56] 2019-07-09 13:32:47,318 : ========================================["GET "/user/whoami" In request.."]====================      [in C:\Users\beta1360\flask-web-scheduler\app\logger.py:26]
[17244:MainProcess:1484:Thread-58] 2019-07-09 13:32:47,572 : ========================================["GET "/todo/list" In request.."]====================        [in C:\Users\beta1360\flask-web-scheduler\app\logger.py:26]
[17244:MainProcess:1484:Thread-58] 2019-07-09 13:32:47,578 : >> Request to select todo-list by user_id::beta1360                                                  [in C:\Users\beta1360\flask-web-scheduler\app\views\main\todolist.py:49]
[17244:MainProcess:1484:Thread-58] 2019-07-09 13:32:47,582 : >>>> Select todo-list(user_id::beta1360) => num of todo::3                                           [in C:\Users\beta1360\flask-web-scheduler\app\db\todo_handler.py:58]
[17244:MainProcess:1484:Thread-58] 2019-07-09 13:32:47,584 : >>>> Selected todo-list::[{'level': 0L, 'date_d': 11L, 'name': u'Lee Geonhee', 'no': 7L, 'date_m': 7L, 'title': u'', 'id': u'beta1360', 'date_y': 2019L}, {'level': 1L, 'date_d': 21L, 'name': u'Lee Geonhee', 'no': 3L, 'date_m': 6L, 'title': u'Hello Flask', 'id': u'beta1360', 'date_y': 2019L}, {'level': 5L, 'date_d': 20L, 'name': u'Lee Geonhee', 'no': 1L, 'date_m': 6L, 'title': u'Hello', 'id': u'beta1360', 'date_y': 2019L}] (user_id::beta1360) [in C:\Users\beta1360\flask-web-scheduler\app\db\todo_handler.py:72]
[17244:MainProcess:10936:Thread-59] 2019-07-09 13:32:48,711 : ========================================["GET "/todo/component" In request.."]====================   [in C:\Users\beta1360\flask-web-scheduler\app\logger.py:26]
[17244:MainProcess:10936:Thread-59] 2019-07-09 13:32:48,714 : >> Request to select todo(no: 1) by user_id::<built-in function id>                                  [in C:\Users\beta1360\flask-web-scheduler\app\views\main\todolist.py:60]
[17244:MainProcess:10936:Thread-59] 2019-07-09 13:32:48,717 : >>>> Select todo(no: 1) by user_id::beta1360                                                         [in C:\Users\beta1360\flask-web-scheduler\app\db\todo_handler.py:78]
[17244:MainProcess:10936:Thread-59] 2019-07-09 13:32:48,717 : >> Todo component: {'body': u'Hello world', 'level': 5L, 'date_d': 20L, 'name': u'Lee Geonhee', 'no': 1L, 'date_m': 6L, 'title': u'Hello', 'id': u'beta1360', 'date_y': 2019L} [in C:\Users\beta1360\flask-web-scheduler\app\views\main\todolist.py:63]
[17244:MainProcess:17188:Thread-60] 2019-07-09 13:32:50,980 : ========================================["GET "/todo/component" In request.."]====================   [in C:\Users\beta1360\flask-web-scheduler\app\logger.py:26]
[17244:MainProcess:17188:Thread-60] 2019-07-09 13:32:50,986 : >> Request to select todo(no: 7) by user_id::<built-in function id>                                  [in C:\Users\beta1360\flask-web-scheduler\app\views\main\todolist.py:60]
[17244:MainProcess:17188:Thread-60] 2019-07-09 13:32:50,990 : >>>> Select todo(no: 7) by user_id::beta1360                                                         [in C:\Users\beta1360\flask-web-scheduler\app\db\todo_handler.py:78]
[17244:MainProcess:17188:Thread-60] 2019-07-09 13:32:50,990 : >> Todo component: {'body': u'', 'level': 0L, 'date_d': 11L, 'name': u'Lee Geonhee', 'no': 7L, 'date_m': 7L, 'title': u'', 'id': u'beta1360', 'date_y': 2019L} [in C:\Users\beta1360\flask-web-scheduler\app\views\main\todolist.py:63]
[17244:MainProcess:16964:Thread-61] 2019-07-09 13:32:53,039 : ========================================["DELETE "/todo/delete" In request.."]====================   [in C:\Users\beta1360\flask-web-scheduler\app\logger.py:26]
[17244:MainProcess:16964:Thread-61] 2019-07-09 13:32:53,043 : >> Request to delete todo(no: 7) by user_id::beta1360                                                [in C:\Users\beta1360\flask-web-scheduler\app\views\main\todolist.py:105]
[17244:MainProcess:16964:Thread-61] 2019-07-09 13:32:53,075 : >>>> Deleted todo in DB (todo_no::7 & user_id::beta1360)                                             [in C:\Users\beta1360\flask-web-scheduler\app\db\todo_handler.py:50]
[17244:MainProcess:16964:Thread-61] 2019-07-09 13:32:53,075 : >> 200:: 해당 Todo를 삭제하였습니다.                                                       [in C:\Users\beta1360\flask-web-scheduler\app\views\main\todolist.py:108]
[17244:MainProcess:13068:Thread-62] 2019-07-09 13:32:54,482 : ========================================["GET "/main" In request.."]====================             [in C:\Users\beta1360\flask-web-scheduler\app\logger.py:26]
[17244:MainProcess:13068:Thread-62] 2019-07-09 13:32:54,487 : >> Render "/main"("main.html") about user::beta1360                                                  [in C:\Users\beta1360\flask-web-scheduler\app\views\main\main_view.py:22]
[17244:MainProcess:8968:Thread-64] 2019-07-09 13:32:54,729 : ========================================["GET "/user/whoami" In request.."]====================      [in C:\Users\beta1360\flask-web-scheduler\app\logger.py:26]
[17244:MainProcess:17084:Thread-65] 2019-07-09 13:32:55,068 : ========================================["GET "/todo/list" In request.."]====================        [in C:\Users\beta1360\flask-web-scheduler\app\logger.py:26]
[17244:MainProcess:17084:Thread-65] 2019-07-09 13:32:55,078 : >> Request to select todo-list by user_id::beta1360                                                  [in C:\Users\beta1360\flask-web-scheduler\app\views\main\todolist.py:49]
[17244:MainProcess:17084:Thread-65] 2019-07-09 13:32:55,088 : >>>> Select todo-list(user_id::beta1360) => num of todo::2                                           [in C:\Users\beta1360\flask-web-scheduler\app\db\todo_handler.py:58]
[17244:MainProcess:17084:Thread-65] 2019-07-09 13:32:55,088 : >>>> Selected todo-list::[{'level': 1L, 'date_d': 21L, 'name': u'Lee Geonhee', 'no': 3L, 'date_m': 6L, 'title': u'Hello Flask', 'id': u'beta1360', 'date_y': 2019L}, {'level': 5L, 'date_d': 20L, 'name': u'Lee Geonhee', 'no': 1L, 'date_m': 6L, 'title': u'Hello', 'id': u'beta1360', 'date_y': 2019L}] (user_id::beta1360) [in C:\Users\beta1360\flask-web-scheduler\app\db\todo_handler.py:72]
[17244:MainProcess:4952:Thread-67] 2019-07-09 13:48:59,457 : ========================================["GET "/main" In request.."]====================             [in C:\Users\beta1360\flask-web-scheduler\app\logger.py:26]
[17244:MainProcess:4952:Thread-67] 2019-07-09 13:48:59,469 : >> Render "/main"("main.html") about user::beta1360                                                  [in C:\Users\beta1360\flask-web-scheduler\app\views\main\main_view.py:22]
[17244:MainProcess:2200:Thread-69] 2019-07-09 13:48:59,759 : ========================================["GET "/user/whoami" In request.."]====================      [in C:\Users\beta1360\flask-web-scheduler\app\logger.py:26]
[17244:MainProcess:13256:Thread-70] 2019-07-09 13:49:00,163 : ========================================["GET "/todo/list" In request.."]====================        [in C:\Users\beta1360\flask-web-scheduler\app\logger.py:26]
[17244:MainProcess:13256:Thread-70] 2019-07-09 13:49:00,187 : >> Request to select todo-list by user_id::beta1360                                                  [in C:\Users\beta1360\flask-web-scheduler\app\views\main\todolist.py:49]
[17244:MainProcess:13256:Thread-70] 2019-07-09 13:49:00,203 : >>>> Select todo-list(user_id::beta1360) => num of todo::2                                           [in C:\Users\beta1360\flask-web-scheduler\app\db\todo_handler.py:58]
[17244:MainProcess:13256:Thread-70] 2019-07-09 13:49:00,204 : >>>> Selected todo-list::[{'level': 1L, 'date_d': 21L, 'name': u'Lee Geonhee', 'no': 3L, 'date_m': 6L, 'title': u'Hello Flask', 'id': u'beta1360', 'date_y': 2019L}, {'level': 5L, 'date_d': 20L, 'name': u'Lee Geonhee', 'no': 1L, 'date_m': 6L, 'title': u'Hello', 'id': u'beta1360', 'date_y': 2019L}] (user_id::beta1360) [in C:\Users\beta1360\flask-web-scheduler\app\db\todo_handler.py:72]
[17244:MainProcess:2320:Thread-72] 2019-07-09 13:49:01,323 : ========================================["GET "/todo/component" In request.."]====================   [in C:\Users\beta1360\flask-web-scheduler\app\logger.py:26]
[17244:MainProcess:2320:Thread-72] 2019-07-09 13:49:01,326 : >> Request to select todo(no: 1) by user_id::<built-in function id>                                  [in C:\Users\beta1360\flask-web-scheduler\app\views\main\todolist.py:60]
[17244:MainProcess:2320:Thread-72] 2019-07-09 13:49:01,329 : >>>> Select todo(no: 1) by user_id::beta1360                                                         [in C:\Users\beta1360\flask-web-scheduler\app\db\todo_handler.py:78]
[17244:MainProcess:2320:Thread-72] 2019-07-09 13:49:01,329 : >> Todo component: {'body': u'Hello world', 'level': 5L, 'date_d': 20L, 'name': u'Lee Geonhee', 'no': 1L, 'date_m': 6L, 'title': u'Hello', 'id': u'beta1360', 'date_y': 2019L} [in C:\Users\beta1360\flask-web-scheduler\app\views\main\todolist.py:63]
[17244:MainProcess:11344:Thread-73] 2019-07-09 13:50:15,828 : ========================================["GET "/main" In request.."]====================             [in C:\Users\beta1360\flask-web-scheduler\app\logger.py:26]
[17244:MainProcess:11344:Thread-73] 2019-07-09 13:50:15,832 : >> Render "/main"("main.html") about user::beta1360                                                  [in C:\Users\beta1360\flask-web-scheduler\app\views\main\main_view.py:22]
[17244:MainProcess:16892:Thread-75] 2019-07-09 13:50:16,365 : ========================================["GET "/user/whoami" In request.."]====================      [in C:\Users\beta1360\flask-web-scheduler\app\logger.py:26]
[17244:MainProcess:10988:Thread-77] 2019-07-09 13:50:16,941 : ========================================["GET "/todo/list" In request.."]====================        [in C:\Users\beta1360\flask-web-scheduler\app\logger.py:26]
[17244:MainProcess:10988:Thread-77] 2019-07-09 13:50:16,946 : >> Request to select todo-list by user_id::beta1360                                                  [in C:\Users\beta1360\flask-web-scheduler\app\views\main\todolist.py:49]
[17244:MainProcess:10988:Thread-77] 2019-07-09 13:50:16,948 : >>>> Select todo-list(user_id::beta1360) => num of todo::2                                           [in C:\Users\beta1360\flask-web-scheduler\app\db\todo_handler.py:58]
[17244:MainProcess:10988:Thread-77] 2019-07-09 13:50:16,948 : >>>> Selected todo-list::[{'level': 1L, 'date_d': 21L, 'name': u'Lee Geonhee', 'no': 3L, 'date_m': 6L, 'title': u'Hello Flask', 'id': u'beta1360', 'date_y': 2019L}, {'level': 5L, 'date_d': 20L, 'name': u'Lee Geonhee', 'no': 1L, 'date_m': 6L, 'title': u'Hello', 'id': u'beta1360', 'date_y': 2019L}] (user_id::beta1360) [in C:\Users\beta1360\flask-web-scheduler\app\db\todo_handler.py:72]
[17244:MainProcess:16840:Thread-78] 2019-07-09 13:50:18,286 : ========================================["GET "/todo/component" In request.."]====================   [in C:\Users\beta1360\flask-web-scheduler\app\logger.py:26]
[17244:MainProcess:16840:Thread-78] 2019-07-09 13:50:18,289 : >> Request to select todo(no: 1) by user_id::<built-in function id>                                  [in C:\Users\beta1360\flask-web-scheduler\app\views\main\todolist.py:60]
[17244:MainProcess:16840:Thread-78] 2019-07-09 13:50:18,292 : >>>> Select todo(no: 1) by user_id::beta1360                                                         [in C:\Users\beta1360\flask-web-scheduler\app\db\todo_handler.py:78]
[17244:MainProcess:16840:Thread-78] 2019-07-09 13:50:18,292 : >> Todo component: {'body': u'Hello world', 'level': 5L, 'date_d': 20L, 'name': u'Lee Geonhee', 'no': 1L, 'date_m': 6L, 'title': u'Hello', 'id': u'beta1360', 'date_y': 2019L} [in C:\Users\beta1360\flask-web-scheduler\app\views\main\todolist.py:63]
[17244:MainProcess:7180:Thread-80] 2019-07-09 13:50:50,500 : ========================================["GET "/main" In request.."]====================             [in C:\Users\beta1360\flask-web-scheduler\app\logger.py:26]
[17244:MainProcess:7180:Thread-80] 2019-07-09 13:50:50,510 : >> Render "/main"("main.html") about user::beta1360                                                  [in C:\Users\beta1360\flask-web-scheduler\app\views\main\main_view.py:22]
[17244:MainProcess:3188:Thread-82] 2019-07-09 13:50:50,878 : ========================================["GET "/user/whoami" In request.."]====================      [in C:\Users\beta1360\flask-web-scheduler\app\logger.py:26]
[17244:MainProcess:9824:Thread-84] 2019-07-09 13:50:51,292 : ========================================["GET "/todo/list" In request.."]====================        [in C:\Users\beta1360\flask-web-scheduler\app\logger.py:26]
[17244:MainProcess:9824:Thread-84] 2019-07-09 13:50:51,299 : >> Request to select todo-list by user_id::beta1360                                                  [in C:\Users\beta1360\flask-web-scheduler\app\views\main\todolist.py:49]
[17244:MainProcess:9824:Thread-84] 2019-07-09 13:50:51,309 : >>>> Select todo-list(user_id::beta1360) => num of todo::2                                           [in C:\Users\beta1360\flask-web-scheduler\app\db\todo_handler.py:58]
[17244:MainProcess:9824:Thread-84] 2019-07-09 13:50:51,309 : >>>> Selected todo-list::[{'level': 1L, 'date_d': 21L, 'name': u'Lee Geonhee', 'no': 3L, 'date_m': 6L, 'title': u'Hello Flask', 'id': u'beta1360', 'date_y': 2019L}, {'level': 5L, 'date_d': 20L, 'name': u'Lee Geonhee', 'no': 1L, 'date_m': 6L, 'title': u'Hello', 'id': u'beta1360', 'date_y': 2019L}] (user_id::beta1360) [in C:\Users\beta1360\flask-web-scheduler\app\db\todo_handler.py:72]
[17244:MainProcess:1844:Thread-85] 2019-07-09 13:50:52,683 : ========================================["GET "/todo/component" In request.."]====================   [in C:\Users\beta1360\flask-web-scheduler\app\logger.py:26]
[17244:MainProcess:1844:Thread-85] 2019-07-09 13:50:52,690 : >> Request to select todo(no: 1) by user_id::<built-in function id>                                  [in C:\Users\beta1360\flask-web-scheduler\app\views\main\todolist.py:60]
[17244:MainProcess:1844:Thread-85] 2019-07-09 13:50:52,697 : >>>> Select todo(no: 1) by user_id::beta1360                                                         [in C:\Users\beta1360\flask-web-scheduler\app\db\todo_handler.py:78]
[17244:MainProcess:1844:Thread-85] 2019-07-09 13:50:52,697 : >> Todo component: {'body': u'Hello world', 'level': 5L, 'date_d': 20L, 'name': u'Lee Geonhee', 'no': 1L, 'date_m': 6L, 'title': u'Hello', 'id': u'beta1360', 'date_y': 2019L} [in C:\Users\beta1360\flask-web-scheduler\app\views\main\todolist.py:63]
[17244:MainProcess:5632:Thread-87] 2019-07-09 13:51:22,927 : ========================================["GET "/main" In request.."]====================             [in C:\Users\beta1360\flask-web-scheduler\app\logger.py:26]
[17244:MainProcess:5632:Thread-87] 2019-07-09 13:51:22,933 : >> Render "/main"("main.html") about user::beta1360                                                  [in C:\Users\beta1360\flask-web-scheduler\app\views\main\main_view.py:22]
[17244:MainProcess:2776:Thread-89] 2019-07-09 13:51:23,305 : ========================================["GET "/user/whoami" In request.."]====================      [in C:\Users\beta1360\flask-web-scheduler\app\logger.py:26]
[17244:MainProcess:17204:Thread-91] 2019-07-09 13:51:23,681 : ========================================["GET "/todo/list" In request.."]====================        [in C:\Users\beta1360\flask-web-scheduler\app\logger.py:26]
[17244:MainProcess:17204:Thread-91] 2019-07-09 13:51:23,686 : >> Request to select todo-list by user_id::beta1360                                                  [in C:\Users\beta1360\flask-web-scheduler\app\views\main\todolist.py:49]
[17244:MainProcess:17204:Thread-91] 2019-07-09 13:51:23,690 : >>>> Select todo-list(user_id::beta1360) => num of todo::2                                           [in C:\Users\beta1360\flask-web-scheduler\app\db\todo_handler.py:58]
[17244:MainProcess:17204:Thread-91] 2019-07-09 13:51:23,690 : >>>> Selected todo-list::[{'level': 1L, 'date_d': 21L, 'name': u'Lee Geonhee', 'no': 3L, 'date_m': 6L, 'title': u'Hello Flask', 'id': u'beta1360', 'date_y': 2019L}, {'level': 5L, 'date_d': 20L, 'name': u'Lee Geonhee', 'no': 1L, 'date_m': 6L, 'title': u'Hello', 'id': u'beta1360', 'date_y': 2019L}] (user_id::beta1360) [in C:\Users\beta1360\flask-web-scheduler\app\db\todo_handler.py:72]
[17244:MainProcess:4672:Thread-92] 2019-07-09 13:51:24,831 : ========================================["GET "/todo/component" In request.."]====================   [in C:\Users\beta1360\flask-web-scheduler\app\logger.py:26]
[17244:MainProcess:4672:Thread-92] 2019-07-09 13:51:24,836 : >> Request to select todo(no: 1) by user_id::<built-in function id>                                  [in C:\Users\beta1360\flask-web-scheduler\app\views\main\todolist.py:60]
[17244:MainProcess:4672:Thread-92] 2019-07-09 13:51:24,844 : >>>> Select todo(no: 1) by user_id::beta1360                                                         [in C:\Users\beta1360\flask-web-scheduler\app\db\todo_handler.py:78]
[17244:MainProcess:4672:Thread-92] 2019-07-09 13:51:24,844 : >> Todo component: {'body': u'Hello world', 'level': 5L, 'date_d': 20L, 'name': u'Lee Geonhee', 'no': 1L, 'date_m': 6L, 'title': u'Hello', 'id': u'beta1360', 'date_y': 2019L} [in C:\Users\beta1360\flask-web-scheduler\app\views\main\todolist.py:63]
[17244:MainProcess:8240:Thread-94] 2019-07-09 13:51:37,612 : ========================================["GET "/todo/component" In request.."]====================   [in C:\Users\beta1360\flask-web-scheduler\app\logger.py:26]
[17244:MainProcess:8240:Thread-94] 2019-07-09 13:51:37,621 : >> Request to select todo(no: 3) by user_id::<built-in function id>                                  [in C:\Users\beta1360\flask-web-scheduler\app\views\main\todolist.py:60]
[17244:MainProcess:8240:Thread-94] 2019-07-09 13:51:37,627 : >>>> Select todo(no: 3) by user_id::beta1360                                                         [in C:\Users\beta1360\flask-web-scheduler\app\db\todo_handler.py:78]
[17244:MainProcess:8240:Thread-94] 2019-07-09 13:51:37,628 : >> Todo component: {'body': u'Today I will commit it!', 'level': 1L, 'date_d': 21L, 'name': u'Lee Geonhee', 'no': 3L, 'date_m': 6L, 'title': u'Hello Flask', 'id': u'beta1360', 'date_y': 2019L} [in C:\Users\beta1360\flask-web-scheduler\app\views\main\todolist.py:63]
[17244:MainProcess:16612:Thread-96] 2019-07-09 13:53:20,127 : ========================================["GET "/main" In request.."]====================             [in C:\Users\beta1360\flask-web-scheduler\app\logger.py:26]
[17244:MainProcess:16612:Thread-96] 2019-07-09 13:53:20,134 : >> Render "/main"("main.html") about user::beta1360                                                  [in C:\Users\beta1360\flask-web-scheduler\app\views\main\main_view.py:22]
[17244:MainProcess:5416:Thread-98] 2019-07-09 13:53:20,525 : ========================================["GET "/user/whoami" In request.."]====================      [in C:\Users\beta1360\flask-web-scheduler\app\logger.py:26]
[17244:MainProcess:17108:Thread-100] 2019-07-09 13:53:20,967 : ========================================["GET "/todo/list" In request.."]====================        [in C:\Users\beta1360\flask-web-scheduler\app\logger.py:26]
[17244:MainProcess:17108:Thread-100] 2019-07-09 13:53:20,994 : >> Request to select todo-list by user_id::beta1360                                                  [in C:\Users\beta1360\flask-web-scheduler\app\views\main\todolist.py:49]
[17244:MainProcess:17108:Thread-100] 2019-07-09 13:53:20,997 : >>>> Select todo-list(user_id::beta1360) => num of todo::2                                           [in C:\Users\beta1360\flask-web-scheduler\app\db\todo_handler.py:58]
[17244:MainProcess:17108:Thread-100] 2019-07-09 13:53:20,997 : >>>> Selected todo-list::[{'level': 1L, 'date_d': 21L, 'name': u'Lee Geonhee', 'no': 3L, 'date_m': 6L, 'title': u'Hello Flask', 'id': u'beta1360', 'date_y': 2019L}, {'level': 5L, 'date_d': 20L, 'name': u'Lee Geonhee', 'no': 1L, 'date_m': 6L, 'title': u'Hello', 'id': u'beta1360', 'date_y': 2019L}] (user_id::beta1360) [in C:\Users\beta1360\flask-web-scheduler\app\db\todo_handler.py:72]
[17244:MainProcess:11004:Thread-101] 2019-07-09 13:53:21,964 : ========================================["GET "/todo/component" In request.."]====================   [in C:\Users\beta1360\flask-web-scheduler\app\logger.py:26]
[17244:MainProcess:11004:Thread-101] 2019-07-09 13:53:21,970 : >> Request to select todo(no: 1) by user_id::<built-in function id>                                  [in C:\Users\beta1360\flask-web-scheduler\app\views\main\todolist.py:60]
[17244:MainProcess:11004:Thread-101] 2019-07-09 13:53:21,977 : >>>> Select todo(no: 1) by user_id::beta1360                                                         [in C:\Users\beta1360\flask-web-scheduler\app\db\todo_handler.py:78]
[17244:MainProcess:11004:Thread-101] 2019-07-09 13:53:21,977 : >> Todo component: {'body': u'Hello world', 'level': 5L, 'date_d': 20L, 'name': u'Lee Geonhee', 'no': 1L, 'date_m': 6L, 'title': u'Hello', 'id': u'beta1360', 'date_y': 2019L} [in C:\Users\beta1360\flask-web-scheduler\app\views\main\todolist.py:63]
[17244:MainProcess:7048:Thread-103] 2019-07-09 13:53:36,345 : ========================================["POST "/todo/modify" In request.."]====================     [in C:\Users\beta1360\flask-web-scheduler\app\logger.py:26]
[17244:MainProcess:7048:Thread-103] 2019-07-09 13:53:36,359 : >> Request data: {u'body': u'Hello world', u'date_d': None, u'title': u'Hello', u'date_m': None, u'no': 1, u'level': 5, u'date_y': None} [in C:\Users\beta1360\flask-web-scheduler\app\views\main\todolist.py:89]
[17244:MainProcess:7048:Thread-103] 2019-07-09 13:53:36,361 : >> Request to modify todo(no: 1) by user_id::beta1360                                                [in C:\Users\beta1360\flask-web-scheduler\app\views\main\todolist.py:90]
[17244:MainProcess:7048:Thread-103] 2019-07-09 13:53:36,367 : >>>> Select Todo instance todo(no: 1): <Todo 1>                                                      [in C:\Users\beta1360\flask-web-scheduler\app\db\todo_handler.py:32]
[17244:MainProcess:7048:Thread-103] 2019-07-09 13:53:36,371 : >>>> Modified Todo(no: 1) by user_id::beta1360                                                       [in C:\Users\beta1360\flask-web-scheduler\app\db\todo_handler.py:41]
[17244:MainProcess:7048:Thread-103] 2019-07-09 13:53:36,371 : >>>> Todo::<Todo 1>                                                                                  [in C:\Users\beta1360\flask-web-scheduler\app\db\todo_handler.py:42]
[17244:MainProcess:7048:Thread-103] 2019-07-09 13:53:36,500 : >>>> Modified todo in DB (todo_no::1 & user_id::beta1360)                                            [in C:\Users\beta1360\flask-web-scheduler\app\db\todo_handler.py:44]
[17244:MainProcess:7048:Thread-103] 2019-07-09 13:53:36,500 : >> 200:: 해당 Todo 수정에 성공하였습니다.                                                [in C:\Users\beta1360\flask-web-scheduler\app\views\main\todolist.py:93]
[17244:MainProcess:1592:Thread-105] 2019-07-09 13:53:38,290 : ========================================["GET "/main" In request.."]====================             [in C:\Users\beta1360\flask-web-scheduler\app\logger.py:26]
[17244:MainProcess:1592:Thread-105] 2019-07-09 13:53:38,296 : >> Render "/main"("main.html") about user::beta1360                                                  [in C:\Users\beta1360\flask-web-scheduler\app\views\main\main_view.py:22]
[17244:MainProcess:12744:Thread-107] 2019-07-09 13:53:38,683 : ========================================["GET "/user/whoami" In request.."]====================      [in C:\Users\beta1360\flask-web-scheduler\app\logger.py:26]
[17244:MainProcess:17232:Thread-108] 2019-07-09 13:53:39,016 : ========================================["GET "/todo/list" In request.."]====================        [in C:\Users\beta1360\flask-web-scheduler\app\logger.py:26]
[17244:MainProcess:17232:Thread-108] 2019-07-09 13:53:39,022 : >> Request to select todo-list by user_id::beta1360                                                  [in C:\Users\beta1360\flask-web-scheduler\app\views\main\todolist.py:49]
[17244:MainProcess:17232:Thread-108] 2019-07-09 13:53:39,026 : >>>> Select todo-list(user_id::beta1360) => num of todo::2                                           [in C:\Users\beta1360\flask-web-scheduler\app\db\todo_handler.py:58]
[17244:MainProcess:17232:Thread-108] 2019-07-09 13:53:39,026 : >>>> Selected todo-list::[{'level': 1L, 'date_d': 21L, 'name': u'Lee Geonhee', 'no': 3L, 'date_m': 6L, 'title': u'Hello Flask', 'id': u'beta1360', 'date_y': 2019L}, {'level': 5L, 'date_d': 0L, 'name': u'Lee Geonhee', 'no': 1L, 'date_m': 0L, 'title': u'Hello', 'id': u'beta1360', 'date_y': 0L}] (user_id::beta1360) [in C:\Users\beta1360\flask-web-scheduler\app\db\todo_handler.py:72]
